<?xml version="1.0" encoding="UTF-8"?>
<!-- Generated by org.testng.reporters.JUnitReportReporter -->
<testsuite hostname="CL-NB-650" failures="0" tests="3" name="tests.CasosDePrueba" time="21.033" errors="0" timestamp="09 sep. 2021 21:23:09 GMT" skipped="0">
  <testcase classname="tests.CasosDePrueba" name="CP002" time="5.909"/>
  <testcase classname="tests.CasosDePrueba" name="CP001_FlujoPostulacion_Paso2_ComunaOK" time="14.093"/>
  <testcase classname="tests.CasosDePrueba" name="CP003" time="1.031"/>
</testsuite> <!-- tests.CasosDePrueba -->
